<?xml version="1.0" encoding="UTF-8"?>
<Site BuildName="Linux-c++"
	BuildStamp="20240709-0151-Experimental"
	Name="sushu-OptiPlex-7080"
	Generator="ctest-3.22.1"
	CompilerName="/usr/bin/c++"
	CompilerVersion="11.4.0"
	OSName="Linux"
	Hostname="sushu-OptiPlex-7080"
	OSRelease="6.2.0-34-generic"
	OSVersion="#34~22.04.1-Ubuntu SMP PREEMPT_DYNAMIC Thu Sep  7 13:12:03 UTC 2"
	OSPlatform="x86_64"
	Is64Bits="1"
	VendorString="GenuineIntel"
	VendorID="Intel Corporation"
	FamilyID="6"
	ModelID="165"
	ProcessorCacheSize="12288"
	NumberOfLogicalCPU="12"
	NumberOfPhysicalCPU="6"
	TotalVirtualMemory="2047"
	TotalPhysicalMemory="15694"
	LogicalProcessorsPerPhysical="2"
	ProcessorClockFrequency="4223.5"
	>
	<Testing>
		<StartDateTime>Jul 09 14:27 CST</StartDateTime>
		<StartTestTime>1720506453</StartTestTime>
		<TestList/>
		<EndDateTime>Jul 09 14:27 CST</EndDateTime>
		<EndTestTime>1720506453</EndTestTime>
		<ElapsedMinutes>0</ElapsedMinutes>
	</Testing>
</Site>
